Started GET "/" for 127.0.0.1 at 2020-01-17 00:38:22 -0300
  
ActiveRecord::NoDatabaseError (FATAL:  database "desafio_development" does not exist
):
  
activerecord (6.0.2.1) lib/active_record/connection_adapters/postgresql_adapter.rb:50:in `rescue in postgresql_connection'
activerecord (6.0.2.1) lib/active_record/connection_adapters/postgresql_adapter.rb:33:in `postgresql_connection'
activerecord (6.0.2.1) lib/active_record/connection_adapters/abstract/connection_pool.rb:889:in `new_connection'
activerecord (6.0.2.1) lib/active_record/connection_adapters/abstract/connection_pool.rb:933:in `checkout_new_connection'
activerecord (6.0.2.1) lib/active_record/connection_adapters/abstract/connection_pool.rb:912:in `try_to_checkout_new_connection'
activerecord (6.0.2.1) lib/active_record/connection_adapters/abstract/connection_pool.rb:873:in `acquire_connection'
activerecord (6.0.2.1) lib/active_record/connection_adapters/abstract/connection_pool.rb:595:in `checkout'
activerecord (6.0.2.1) lib/active_record/connection_adapters/abstract/connection_pool.rb:439:in `connection'
activerecord (6.0.2.1) lib/active_record/connection_adapters/abstract/connection_pool.rb:1121:in `retrieve_connection'
activerecord (6.0.2.1) lib/active_record/connection_handling.rb:238:in `retrieve_connection'
activerecord (6.0.2.1) lib/active_record/connection_handling.rb:206:in `connection'
activerecord (6.0.2.1) lib/active_record/migration.rb:562:in `call'
actionpack (6.0.2.1) lib/action_dispatch/middleware/callbacks.rb:27:in `block in call'
activesupport (6.0.2.1) lib/active_support/callbacks.rb:101:in `run_callbacks'
actionpack (6.0.2.1) lib/action_dispatch/middleware/callbacks.rb:26:in `call'
actionpack (6.0.2.1) lib/action_dispatch/middleware/executor.rb:14:in `call'
actionpack (6.0.2.1) lib/action_dispatch/middleware/actionable_exceptions.rb:17:in `call'
actionpack (6.0.2.1) lib/action_dispatch/middleware/debug_exceptions.rb:32:in `call'
web-console (4.0.1) lib/web_console/middleware.rb:132:in `call_app'
web-console (4.0.1) lib/web_console/middleware.rb:28:in `block in call'
web-console (4.0.1) lib/web_console/middleware.rb:17:in `catch'
web-console (4.0.1) lib/web_console/middleware.rb:17:in `call'
actionpack (6.0.2.1) lib/action_dispatch/middleware/show_exceptions.rb:33:in `call'
railties (6.0.2.1) lib/rails/rack/logger.rb:38:in `call_app'
railties (6.0.2.1) lib/rails/rack/logger.rb:26:in `block in call'
activesupport (6.0.2.1) lib/active_support/tagged_logging.rb:80:in `block in tagged'
activesupport (6.0.2.1) lib/active_support/tagged_logging.rb:28:in `tagged'
activesupport (6.0.2.1) lib/active_support/tagged_logging.rb:80:in `tagged'
railties (6.0.2.1) lib/rails/rack/logger.rb:26:in `call'
sprockets-rails (3.2.1) lib/sprockets/rails/quiet_assets.rb:13:in `call'
actionpack (6.0.2.1) lib/action_dispatch/middleware/remote_ip.rb:81:in `call'
actionpack (6.0.2.1) lib/action_dispatch/middleware/request_id.rb:27:in `call'
rack (2.1.1) lib/rack/method_override.rb:24:in `call'
rack (2.1.1) lib/rack/runtime.rb:24:in `call'
activesupport (6.0.2.1) lib/active_support/cache/strategy/local_cache_middleware.rb:29:in `call'
actionpack (6.0.2.1) lib/action_dispatch/middleware/executor.rb:14:in `call'
actionpack (6.0.2.1) lib/action_dispatch/middleware/static.rb:126:in `call'
rack (2.1.1) lib/rack/sendfile.rb:113:in `call'
actionpack (6.0.2.1) lib/action_dispatch/middleware/host_authorization.rb:83:in `call'
webpacker (4.2.2) lib/webpacker/dev_server_proxy.rb:23:in `perform_request'
rack-proxy (0.6.5) lib/rack/proxy.rb:57:in `call'
railties (6.0.2.1) lib/rails/engine.rb:526:in `call'
puma (4.3.1) lib/puma/configuration.rb:228:in `call'
puma (4.3.1) lib/puma/server.rb:681:in `handle_request'
puma (4.3.1) lib/puma/server.rb:472:in `process_client'
puma (4.3.1) lib/puma/server.rb:328:in `block in run'
puma (4.3.1) lib/puma/thread_pool.rb:134:in `block in spawn_thread'
  [1m[35m (2090.3ms)[0m  [1m[35mCREATE DATABASE "desafio_development" ENCODING = 'unicode'[0m
  [1m[35m (1057.8ms)[0m  [1m[35mCREATE DATABASE "desafio_test" ENCODING = 'unicode'[0m
Started GET "/" for 127.0.0.1 at 2020-01-17 00:39:00 -0300
Processing by Rails::WelcomeController#index as HTML
  Rendering /home/victornunes/.rvm/gems/ruby-2.6.3/gems/railties-6.0.2.1/lib/rails/templates/rails/welcome/index.html.erb
  Rendered /home/victornunes/.rvm/gems/ruby-2.6.3/gems/railties-6.0.2.1/lib/rails/templates/rails/welcome/index.html.erb (Duration: 12.4ms | Allocations: 315)
Completed 200 OK in 19ms (Views: 14.3ms | ActiveRecord: 0.0ms | Allocations: 1737)


Started GET "/" for 127.0.0.1 at 2020-01-17 00:44:06 -0300
Processing by WelcomeController#index as HTML
  Rendering welcome/index.html.erb within layouts/application
  Rendered welcome/index.html.erb within layouts/application (Duration: 0.7ms | Allocations: 232)
[Webpacker] Compiling...
[Webpacker] Compiled all packs in /home/victornunes/challenge/DesafioStartec/desafio/public/packs
[Webpacker] Hash: 53154d7baad00c6a1252
Version: webpack 4.41.5
Time: 3337ms
Built at: 2020-01-17 01:44:13
                                     Asset       Size       Chunks                         Chunk Names
    js/application-0b67a3cc2fcde6055024.js    124 KiB  application  [emitted] [immutable]  application
js/application-0b67a3cc2fcde6055024.js.map    139 KiB  application  [emitted] [dev]        application
                             manifest.json  364 bytes               [emitted]              
Entrypoint application = js/application-0b67a3cc2fcde6055024.js js/application-0b67a3cc2fcde6055024.js.map
[./app/javascript/channels sync recursive _channel\.js$] ./app/javascript/channels sync _channel\.js$ 160 bytes {application} [built]
[./app/javascript/channels/index.js] 211 bytes {application} [built]
[./app/javascript/packs/application.js] 749 bytes {application} [built]
[./node_modules/webpack/buildin/module.js] (webpack)/buildin/module.js 552 bytes {application} [built]
    + 3 hidden modules

Completed 200 OK in 6943ms (Views: 6936.9ms | ActiveRecord: 0.0ms | Allocations: 18802)


Started GET "/" for 127.0.0.1 at 2020-01-17 00:48:46 -0300
Processing by WelcomeController#index as HTML
  Rendering welcome/index.html.erb within layouts/application
  Rendered welcome/index.html.erb within layouts/application (Duration: 0.8ms | Allocations: 233)
[Webpacker] Everything's up-to-date. Nothing to do
Completed 200 OK in 57ms (Views: 51.2ms | ActiveRecord: 0.0ms | Allocations: 6995)


Started GET "/" for 127.0.0.1 at 2020-01-17 01:25:51 -0300
Processing by WelcomeController#index as HTML
  Rendering welcome/index.html.erb within layouts/application
  Rendered welcome/index.html.erb within layouts/application (Duration: 0.8ms | Allocations: 233)
[Webpacker] Everything's up-to-date. Nothing to do
Completed 200 OK in 206ms (Views: 200.0ms | ActiveRecord: 0.0ms | Allocations: 6956)


Started GET "/" for 127.0.0.1 at 2020-01-19 15:04:40 -0300
Processing by WelcomeController#index as HTML
  Rendering welcome/index.html.erb within layouts/application
  Rendered welcome/index.html.erb within layouts/application (Duration: 34.7ms | Allocations: 231)
[Webpacker] Everything's up-to-date. Nothing to do
Completed 200 OK in 354ms (Views: 345.1ms | ActiveRecord: 0.0ms | Allocations: 6988)


Started GET "/" for 127.0.0.1 at 2020-01-19 15:18:08 -0300
Processing by WelcomeController#index as HTML
  Rendering welcome/index.html.erb within layouts/application
  Rendered welcome/index.html.erb within layouts/application (Duration: 1.0ms | Allocations: 249)
[Webpacker] Everything's up-to-date. Nothing to do
Completed 200 OK in 2251ms (Views: 2246.1ms | ActiveRecord: 0.0ms | Allocations: 20141)


Started GET "/" for 127.0.0.1 at 2020-01-19 15:19:19 -0300
Processing by WelcomeController#index as HTML
  Rendering welcome/index.html.erb within layouts/application
  Rendered welcome/index.html.erb within layouts/application (Duration: 0.1ms | Allocations: 10)
[Webpacker] Everything's up-to-date. Nothing to do
Completed 200 OK in 8ms (Views: 7.1ms | ActiveRecord: 0.0ms | Allocations: 3373)


Started GET "/" for 127.0.0.1 at 2020-01-19 15:19:55 -0300
Processing by WelcomeController#index as HTML
  Rendering welcome/index.html.erb within layouts/application
  Rendered welcome/index.html.erb within layouts/application (Duration: 0.5ms | Allocations: 126)
[Webpacker] Everything's up-to-date. Nothing to do
Completed 200 OK in 10ms (Views: 8.4ms | ActiveRecord: 0.0ms | Allocations: 4369)


Started GET "/" for 127.0.0.1 at 2020-01-19 15:19:58 -0300
Processing by WelcomeController#index as HTML
  Rendering welcome/index.html.erb within layouts/application
  Rendered welcome/index.html.erb within layouts/application (Duration: 0.1ms | Allocations: 9)
[Webpacker] Everything's up-to-date. Nothing to do
Completed 200 OK in 19ms (Views: 18.3ms | ActiveRecord: 0.0ms | Allocations: 3353)


Started GET "/" for 127.0.0.1 at 2020-01-19 15:23:29 -0300
Processing by WelcomeController#index as HTML
  Rendering welcome/index.html.erb within layouts/application
  Rendered welcome/index.html.erb within layouts/application (Duration: 0.1ms | Allocations: 10)
[Webpacker] Everything's up-to-date. Nothing to do
Completed 200 OK in 932ms (Views: 931.3ms | ActiveRecord: 0.0ms | Allocations: 12607)


Started GET "/" for 127.0.0.1 at 2020-01-19 15:25:58 -0300
Processing by WelcomeController#index as HTML
  Rendering welcome/index.html.erb within layouts/application
  Rendered welcome/index.html.erb within layouts/application (Duration: 0.1ms | Allocations: 9)
[Webpacker] Everything's up-to-date. Nothing to do
Completed 200 OK in 626ms (Views: 625.4ms | ActiveRecord: 0.0ms | Allocations: 12904)


Started GET "/" for 127.0.0.1 at 2020-01-19 15:29:47 -0300
Processing by WelcomeController#index as HTML
  Rendering welcome/index.html.erb within layouts/application
  Rendered welcome/index.html.erb within layouts/application (Duration: 24.5ms | Allocations: 130)
[Webpacker] Everything's up-to-date. Nothing to do
Completed 200 OK in 37ms (Views: 35.6ms | ActiveRecord: 0.0ms | Allocations: 4478)


Started GET "/" for 127.0.0.1 at 2020-01-19 16:22:32 -0300
Processing by WelcomeController#index as HTML
  Rendering welcome/index.html.erb within layouts/application
  Rendered welcome/index.html.erb within layouts/application (Duration: 14.6ms | Allocations: 249)
[Webpacker] Everything's up-to-date. Nothing to do
Completed 500 Internal Server Error in 2384ms (ActiveRecord: 0.0ms | Allocations: 14593)


  
ActionView::Template::Error (Missing partial /_footer with {:locale=>[:en], :formats=>[:html], :variants=>[], :handlers=>[:raw, :erb, :html, :builder, :ruby, :jbuilder]}. Searched in:
  * "/home/victornunes/challenge/DesafioStartec/app/views"
  * "/home/victornunes/.rvm/gems/ruby-2.6.3/gems/actiontext-6.0.2.1/app/views"
  * "/home/victornunes/.rvm/gems/ruby-2.6.3/gems/actionmailbox-6.0.2.1/app/views"
):
    13: 
    14:   <body>
    15:     <%= yield %>
    16:     <%= render "/footer"%>
    17:   </body>
    18: 
    19: </html>
  
app/views/layouts/application.html.erb:16
Started GET "/" for 127.0.0.1 at 2020-01-19 16:23:13 -0300
Processing by WelcomeController#index as HTML
  Rendering welcome/index.html.erb within layouts/application
  Rendered welcome/index.html.erb within layouts/application (Duration: 0.6ms | Allocations: 125)
[Webpacker] Everything's up-to-date. Nothing to do
Completed 500 Internal Server Error in 26ms (ActiveRecord: 0.0ms | Allocations: 5865)


  
ActionView::Template::Error (Missing partial welcome/_footer, application/_footer with {:locale=>[:en], :formats=>[:html], :variants=>[], :handlers=>[:raw, :erb, :html, :builder, :ruby, :jbuilder]}. Searched in:
  * "/home/victornunes/challenge/DesafioStartec/app/views"
  * "/home/victornunes/.rvm/gems/ruby-2.6.3/gems/actiontext-6.0.2.1/app/views"
  * "/home/victornunes/.rvm/gems/ruby-2.6.3/gems/actionmailbox-6.0.2.1/app/views"
):
    13: 
    14:   <body>
    15:     <%= yield %>
    16:     <%= render "footer"%>
    17:   </body>
    18: 
    19: </html>
  
app/views/layouts/application.html.erb:16
Started GET "/" for 127.0.0.1 at 2020-01-19 16:23:27 -0300
Processing by WelcomeController#index as HTML
  Rendering welcome/index.html.erb within layouts/application
  Rendered welcome/index.html.erb within layouts/application (Duration: 1.2ms | Allocations: 125)
[Webpacker] Everything's up-to-date. Nothing to do
  Rendered layouts/_footer.html.erb (Duration: 0.3ms | Allocations: 89)
Completed 200 OK in 16ms (Views: 14.3ms | ActiveRecord: 0.0ms | Allocations: 4790)


Started GET "/" for 127.0.0.1 at 2020-01-19 16:24:24 -0300
Processing by WelcomeController#index as HTML
  Rendering welcome/index.html.erb within layouts/application
  Rendered welcome/index.html.erb within layouts/application (Duration: 0.5ms | Allocations: 124)
[Webpacker] Everything's up-to-date. Nothing to do
  Rendered layouts/_scripts.html.erb (Duration: 1.3ms | Allocations: 94)
Completed 200 OK in 30ms (Views: 28.3ms | ActiveRecord: 0.0ms | Allocations: 4778)


Started GET "/" for 127.0.0.1 at 2020-01-19 16:36:59 -0300
Processing by WelcomeController#index as HTML
  Rendering welcome/index.html.erb within layouts/application
  Rendered welcome/index.html.erb within layouts/application (Duration: 232.4ms | Allocations: 487)
[Webpacker] Everything's up-to-date. Nothing to do
  Rendered layouts/_scripts.html.erb (Duration: 45.3ms | Allocations: 90)
Completed 200 OK in 1310ms (Views: 1208.6ms | ActiveRecord: 0.0ms | Allocations: 5109)


Started POST "/path" for 127.0.0.1 at 2020-01-19 16:39:06 -0300
  
ActionController::RoutingError (No route matches [POST] "/path"):
  
actionpack (6.0.2.1) lib/action_dispatch/middleware/debug_exceptions.rb:36:in `call'
web-console (4.0.1) lib/web_console/middleware.rb:132:in `call_app'
web-console (4.0.1) lib/web_console/middleware.rb:28:in `block in call'
web-console (4.0.1) lib/web_console/middleware.rb:17:in `catch'
web-console (4.0.1) lib/web_console/middleware.rb:17:in `call'
actionpack (6.0.2.1) lib/action_dispatch/middleware/show_exceptions.rb:33:in `call'
railties (6.0.2.1) lib/rails/rack/logger.rb:38:in `call_app'
railties (6.0.2.1) lib/rails/rack/logger.rb:26:in `block in call'
activesupport (6.0.2.1) lib/active_support/tagged_logging.rb:80:in `block in tagged'
activesupport (6.0.2.1) lib/active_support/tagged_logging.rb:28:in `tagged'
activesupport (6.0.2.1) lib/active_support/tagged_logging.rb:80:in `tagged'
railties (6.0.2.1) lib/rails/rack/logger.rb:26:in `call'
sprockets-rails (3.2.1) lib/sprockets/rails/quiet_assets.rb:13:in `call'
actionpack (6.0.2.1) lib/action_dispatch/middleware/remote_ip.rb:81:in `call'
actionpack (6.0.2.1) lib/action_dispatch/middleware/request_id.rb:27:in `call'
rack (2.1.1) lib/rack/method_override.rb:24:in `call'
rack (2.1.1) lib/rack/runtime.rb:24:in `call'
activesupport (6.0.2.1) lib/active_support/cache/strategy/local_cache_middleware.rb:29:in `call'
actionpack (6.0.2.1) lib/action_dispatch/middleware/executor.rb:14:in `call'
actionpack (6.0.2.1) lib/action_dispatch/middleware/static.rb:126:in `call'
rack (2.1.1) lib/rack/sendfile.rb:113:in `call'
actionpack (6.0.2.1) lib/action_dispatch/middleware/host_authorization.rb:83:in `call'
webpacker (4.2.2) lib/webpacker/dev_server_proxy.rb:23:in `perform_request'
rack-proxy (0.6.5) lib/rack/proxy.rb:57:in `call'
railties (6.0.2.1) lib/rails/engine.rb:526:in `call'
puma (4.3.1) lib/puma/configuration.rb:228:in `call'
puma (4.3.1) lib/puma/server.rb:681:in `handle_request'
puma (4.3.1) lib/puma/server.rb:472:in `process_client'
puma (4.3.1) lib/puma/server.rb:328:in `block in run'
puma (4.3.1) lib/puma/thread_pool.rb:134:in `block in spawn_thread'
Started POST "/path" for 127.0.0.1 at 2020-01-19 16:45:14 -0300
  
ActionController::RoutingError (No route matches [POST] "/path"):
  
actionpack (6.0.2.1) lib/action_dispatch/middleware/debug_exceptions.rb:36:in `call'
web-console (4.0.1) lib/web_console/middleware.rb:132:in `call_app'
web-console (4.0.1) lib/web_console/middleware.rb:28:in `block in call'
web-console (4.0.1) lib/web_console/middleware.rb:17:in `catch'
web-console (4.0.1) lib/web_console/middleware.rb:17:in `call'
actionpack (6.0.2.1) lib/action_dispatch/middleware/show_exceptions.rb:33:in `call'
railties (6.0.2.1) lib/rails/rack/logger.rb:38:in `call_app'
railties (6.0.2.1) lib/rails/rack/logger.rb:26:in `block in call'
activesupport (6.0.2.1) lib/active_support/tagged_logging.rb:80:in `block in tagged'
activesupport (6.0.2.1) lib/active_support/tagged_logging.rb:28:in `tagged'
activesupport (6.0.2.1) lib/active_support/tagged_logging.rb:80:in `tagged'
railties (6.0.2.1) lib/rails/rack/logger.rb:26:in `call'
sprockets-rails (3.2.1) lib/sprockets/rails/quiet_assets.rb:13:in `call'
actionpack (6.0.2.1) lib/action_dispatch/middleware/remote_ip.rb:81:in `call'
actionpack (6.0.2.1) lib/action_dispatch/middleware/request_id.rb:27:in `call'
rack (2.1.1) lib/rack/method_override.rb:24:in `call'
rack (2.1.1) lib/rack/runtime.rb:24:in `call'
activesupport (6.0.2.1) lib/active_support/cache/strategy/local_cache_middleware.rb:29:in `call'
actionpack (6.0.2.1) lib/action_dispatch/middleware/executor.rb:14:in `call'
actionpack (6.0.2.1) lib/action_dispatch/middleware/static.rb:126:in `call'
rack (2.1.1) lib/rack/sendfile.rb:113:in `call'
actionpack (6.0.2.1) lib/action_dispatch/middleware/host_authorization.rb:83:in `call'
webpacker (4.2.2) lib/webpacker/dev_server_proxy.rb:23:in `perform_request'
rack-proxy (0.6.5) lib/rack/proxy.rb:57:in `call'
railties (6.0.2.1) lib/rails/engine.rb:526:in `call'
puma (4.3.1) lib/puma/configuration.rb:228:in `call'
puma (4.3.1) lib/puma/server.rb:681:in `handle_request'
puma (4.3.1) lib/puma/server.rb:472:in `process_client'
puma (4.3.1) lib/puma/server.rb:328:in `block in run'
puma (4.3.1) lib/puma/thread_pool.rb:134:in `block in spawn_thread'
Started GET "/" for 127.0.0.1 at 2020-01-19 16:45:21 -0300
Processing by WelcomeController#index as HTML
  Rendering welcome/index.html.erb within layouts/application
  Rendered welcome/index.html.erb within layouts/application (Duration: 19.0ms | Allocations: 493)
[Webpacker] Everything's up-to-date. Nothing to do
  Rendered layouts/_scripts.html.erb (Duration: 14.8ms | Allocations: 89)
Completed 200 OK in 474ms (Views: 472.3ms | ActiveRecord: 0.0ms | Allocations: 7728)


Started POST "/path" for 127.0.0.1 at 2020-01-19 16:45:38 -0300
  
ActionController::RoutingError (No route matches [POST] "/path"):
  
actionpack (6.0.2.1) lib/action_dispatch/middleware/debug_exceptions.rb:36:in `call'
web-console (4.0.1) lib/web_console/middleware.rb:132:in `call_app'
web-console (4.0.1) lib/web_console/middleware.rb:28:in `block in call'
web-console (4.0.1) lib/web_console/middleware.rb:17:in `catch'
web-console (4.0.1) lib/web_console/middleware.rb:17:in `call'
actionpack (6.0.2.1) lib/action_dispatch/middleware/show_exceptions.rb:33:in `call'
railties (6.0.2.1) lib/rails/rack/logger.rb:38:in `call_app'
railties (6.0.2.1) lib/rails/rack/logger.rb:26:in `block in call'
activesupport (6.0.2.1) lib/active_support/tagged_logging.rb:80:in `block in tagged'
activesupport (6.0.2.1) lib/active_support/tagged_logging.rb:28:in `tagged'
activesupport (6.0.2.1) lib/active_support/tagged_logging.rb:80:in `tagged'
railties (6.0.2.1) lib/rails/rack/logger.rb:26:in `call'
sprockets-rails (3.2.1) lib/sprockets/rails/quiet_assets.rb:13:in `call'
actionpack (6.0.2.1) lib/action_dispatch/middleware/remote_ip.rb:81:in `call'
actionpack (6.0.2.1) lib/action_dispatch/middleware/request_id.rb:27:in `call'
rack (2.1.1) lib/rack/method_override.rb:24:in `call'
rack (2.1.1) lib/rack/runtime.rb:24:in `call'
activesupport (6.0.2.1) lib/active_support/cache/strategy/local_cache_middleware.rb:29:in `call'
actionpack (6.0.2.1) lib/action_dispatch/middleware/executor.rb:14:in `call'
actionpack (6.0.2.1) lib/action_dispatch/middleware/static.rb:126:in `call'
rack (2.1.1) lib/rack/sendfile.rb:113:in `call'
actionpack (6.0.2.1) lib/action_dispatch/middleware/host_authorization.rb:83:in `call'
webpacker (4.2.2) lib/webpacker/dev_server_proxy.rb:23:in `perform_request'
rack-proxy (0.6.5) lib/rack/proxy.rb:57:in `call'
railties (6.0.2.1) lib/rails/engine.rb:526:in `call'
puma (4.3.1) lib/puma/configuration.rb:228:in `call'
puma (4.3.1) lib/puma/server.rb:681:in `handle_request'
puma (4.3.1) lib/puma/server.rb:472:in `process_client'
puma (4.3.1) lib/puma/server.rb:328:in `block in run'
puma (4.3.1) lib/puma/thread_pool.rb:134:in `block in spawn_thread'
Started GET "/" for 127.0.0.1 at 2020-01-19 16:47:10 -0300
Processing by WelcomeController#index as HTML
  Rendering welcome/index.html.erb within layouts/application
  Rendered welcome/index.html.erb within layouts/application (Duration: 1.4ms | Allocations: 621)
[Webpacker] Everything's up-to-date. Nothing to do
  Rendered layouts/_scripts.html.erb (Duration: 0.5ms | Allocations: 89)
Completed 200 OK in 40ms (Views: 35.0ms | ActiveRecord: 0.0ms | Allocations: 8289)


Started POST "/path" for 127.0.0.1 at 2020-01-19 16:47:27 -0300
Processing by ApplicationController#path as HTML
  Parameters: {"authenticity_token"=>"hq/kk8RoQvX51kIRP8H4rKIsYx73aXs2nA1sH54PU17DJ7z5j969O13XQM8aYDBbAQN0NgjlmJ7QlUa0kIluRQ==", "email"=>"victoralcnunes@hotmail.com", "subject"=>"testeando", "body"=>"testando mailer\r\n", "commit"=>"submit"}
Completed 500 Internal Server Error in 6ms (ActiveRecord: 0.0ms | Allocations: 2255)


  
NameError (uninitialized constant ApplicationController::Mailer):
  
app/controllers/application_controller.rb:6:in `path'
Started POST "/path" for 127.0.0.1 at 2020-01-19 16:53:26 -0300
Processing by ApplicationController#path as HTML
  Parameters: {"authenticity_token"=>"hq/kk8RoQvX51kIRP8H4rKIsYx73aXs2nA1sH54PU17DJ7z5j969O13XQM8aYDBbAQN0NgjlmJ7QlUa0kIluRQ==", "email"=>"victoralcnunes@hotmail.com", "subject"=>"testeando", "body"=>"testando mailer\r\n", "commit"=>"submit"}
ApplicationMailer#mail_method: processed outbound mail in 1.1ms
Completed 500 Internal Server Error in 411ms (ActiveRecord: 0.0ms | Allocations: 21040)


  
ActionView::MissingTemplate (Missing template application_mailer/mail_method with "mailer". Searched in:
  * "application_mailer"
):
  
app/mailers/application_mailer.rb:7:in `mail_method'
app/controllers/application_controller.rb:6:in `path'
Started POST "/path" for 127.0.0.1 at 2020-01-19 16:55:49 -0300
Processing by ApplicationController#path as HTML
  Parameters: {"authenticity_token"=>"hq/kk8RoQvX51kIRP8H4rKIsYx73aXs2nA1sH54PU17DJ7z5j969O13XQM8aYDBbAQN0NgjlmJ7QlUa0kIluRQ==", "email"=>"victoralcnunes@hotmail.com", "subject"=>"testeando", "body"=>"testando mailer\r\n", "commit"=>"submit"}
ApplicationMailer#mail_method: processed outbound mail in 0.6ms
Completed 500 Internal Server Error in 6ms (ActiveRecord: 0.0ms | Allocations: 3438)


  
ActionView::MissingTemplate (Missing template application_mailer/mail_method with "mailer". Searched in:
  * "application_mailer"
):
  
app/mailers/application_mailer.rb:7:in `mail_method'
app/controllers/application_controller.rb:6:in `path'
Started GET "/" for 127.0.0.1 at 2020-01-19 16:55:53 -0300
Processing by WelcomeController#index as HTML
  Rendering welcome/index.html.erb within layouts/application
  Rendered welcome/index.html.erb within layouts/application (Duration: 0.7ms | Allocations: 225)
[Webpacker] Everything's up-to-date. Nothing to do
  Rendered layouts/_scripts.html.erb (Duration: 0.1ms | Allocations: 6)
Completed 200 OK in 8ms (Views: 7.6ms | ActiveRecord: 0.0ms | Allocations: 3908)


Started POST "/path" for 127.0.0.1 at 2020-01-19 16:56:16 -0300
Processing by ApplicationController#path as HTML
  Parameters: {"authenticity_token"=>"kG4an/mcJjgUUQHGv3iLtWX58ZnN3peUs+xpB5gWPtjV5kL1sirZ9rBQAxia2UNCxtbmsTJSdDz/dEOslpADww==", "email"=>"victoralcnunes@hotmail.com", "subject"=>"testando", "body"=>"teste de mailer", "commit"=>"submit"}
ApplicationMailer#mail_method: processed outbound mail in 0.7ms
Completed 500 Internal Server Error in 2ms (ActiveRecord: 0.0ms | Allocations: 1801)


  
ActionView::MissingTemplate (Missing template application_mailer/mail_method with "mailer". Searched in:
  * "application_mailer"
):
  
app/mailers/application_mailer.rb:7:in `mail_method'
app/controllers/application_controller.rb:6:in `path'
Started POST "/path" for 127.0.0.1 at 2020-01-19 16:57:17 -0300
Processing by ApplicationController#path as HTML
  Parameters: {"authenticity_token"=>"kG4an/mcJjgUUQHGv3iLtWX58ZnN3peUs+xpB5gWPtjV5kL1sirZ9rBQAxia2UNCxtbmsTJSdDz/dEOslpADww==", "email"=>"victoralcnunes@hotmail.com", "subject"=>"testando", "body"=>"teste de mailer", "commit"=>"submit"}
ApplicationMailer#mail_method: processed outbound mail in 0.6ms
Completed 500 Internal Server Error in 5ms (ActiveRecord: 0.0ms | Allocations: 3441)


  
ActionView::MissingTemplate (Missing template application_mailer/mail_method with "mailer". Searched in:
  * "application_mailer"
):
  
app/mailers/application_mailer.rb:7:in `mail_method'
app/controllers/application_controller.rb:6:in `path'
Started POST "/path" for 127.0.0.1 at 2020-01-19 16:58:04 -0300
Processing by ApplicationController#path as HTML
  Parameters: {"authenticity_token"=>"kG4an/mcJjgUUQHGv3iLtWX58ZnN3peUs+xpB5gWPtjV5kL1sirZ9rBQAxia2UNCxtbmsTJSdDz/dEOslpADww==", "email"=>"victoralcnunes@hotmail.com", "subject"=>"testando", "body"=>"teste de mailer", "commit"=>"submit"}
ApplicationMailer#mail_method: processed outbound mail in 1.2ms
Completed 500 Internal Server Error in 6ms (ActiveRecord: 0.0ms | Allocations: 3847)


  
ActionView::MissingTemplate (Missing template application_mailer/mail_method with "mailer". Searched in:
  * "application_mailer"
):
  
app/mailers/application_mailer.rb:7:in `mail_method'
app/controllers/application_controller.rb:6:in `path'
Started POST "/path" for 127.0.0.1 at 2020-01-19 16:58:10 -0300
Processing by ApplicationController#path as HTML
  Parameters: {"authenticity_token"=>"kG4an/mcJjgUUQHGv3iLtWX58ZnN3peUs+xpB5gWPtjV5kL1sirZ9rBQAxia2UNCxtbmsTJSdDz/dEOslpADww==", "email"=>"victoralcnunes@hotmail.com", "subject"=>"testando", "body"=>"teste de mailer", "commit"=>"submit"}
ApplicationMailer#mail_method: processed outbound mail in 1.2ms
Completed 500 Internal Server Error in 3ms (ActiveRecord: 0.0ms | Allocations: 1801)


  
ActionView::MissingTemplate (Missing template application_mailer/mail_method with "mailer". Searched in:
  * "application_mailer"
):
  
app/mailers/application_mailer.rb:7:in `mail_method'
app/controllers/application_controller.rb:6:in `path'
Started GET "/" for 127.0.0.1 at 2020-01-19 16:58:17 -0300
Processing by WelcomeController#index as HTML
  Rendering welcome/index.html.erb within layouts/application
  Rendered welcome/index.html.erb within layouts/application (Duration: 1.0ms | Allocations: 459)
[Webpacker] Everything's up-to-date. Nothing to do
  Rendered layouts/_scripts.html.erb (Duration: 0.3ms | Allocations: 86)
Completed 200 OK in 11ms (Views: 9.7ms | ActiveRecord: 0.0ms | Allocations: 5111)


Started GET "/" for 127.0.0.1 at 2020-01-19 16:58:32 -0300
Processing by WelcomeController#index as HTML
  Rendering welcome/index.html.erb within layouts/application
  Rendered welcome/index.html.erb within layouts/application (Duration: 1.2ms | Allocations: 621)
[Webpacker] Everything's up-to-date. Nothing to do
  Rendered layouts/_scripts.html.erb (Duration: 0.3ms | Allocations: 89)
Completed 200 OK in 40ms (Views: 34.3ms | ActiveRecord: 0.0ms | Allocations: 8288)


Started POST "/path" for 127.0.0.1 at 2020-01-19 16:58:35 -0300
Processing by ApplicationController#path as HTML
  Parameters: {"authenticity_token"=>"99yWvmJAw5sd7KTZeTidfGZwAK/KVFQQ4jK2JXai5FKyVM7UKfY8VbntpgdcmVWLxV8XhzXYt7iuqpyOeCTZSQ==", "email"=>"victoralcnunes@hotmail.com", "subject"=>"testando", "body"=>"teste de mailer", "commit"=>"submit"}
ApplicationMailer#mail_method: processed outbound mail in 1.5ms
Completed 500 Internal Server Error in 18ms (ActiveRecord: 0.0ms | Allocations: 13240)


  
ActionView::MissingTemplate (Missing template application_mailer/mail_method with "mailer". Searched in:
  * "application_mailer"
):
  
app/mailers/application_mailer.rb:7:in `mail_method'
app/controllers/application_controller.rb:6:in `path'
Started POST "/path" for 127.0.0.1 at 2020-01-19 16:59:44 -0300
Processing by ApplicationController#path as HTML
  Parameters: {"authenticity_token"=>"99yWvmJAw5sd7KTZeTidfGZwAK/KVFQQ4jK2JXai5FKyVM7UKfY8VbntpgdcmVWLxV8XhzXYt7iuqpyOeCTZSQ==", "email"=>"victoralcnunes@hotmail.com", "subject"=>"testando", "body"=>"teste de mailer", "commit"=>"submit"}
ApplicationMailer#mail_method: processed outbound mail in 0.6ms
Completed 500 Internal Server Error in 2ms (ActiveRecord: 0.0ms | Allocations: 1817)


  
ActionView::MissingTemplate (Missing template application_mailer/mail_method with "mailer". Searched in:
  * "application_mailer"
):
  
app/mailers/application_mailer.rb:7:in `mail_method'
app/controllers/application_controller.rb:6:in `path'
Started GET "/" for 127.0.0.1 at 2020-01-19 17:02:43 -0300
Processing by WelcomeController#index as HTML
  Rendering welcome/index.html.erb within layouts/application
  Rendered welcome/index.html.erb within layouts/application (Duration: 0.5ms | Allocations: 225)
[Webpacker] Everything's up-to-date. Nothing to do
  Rendered layouts/_scripts.html.erb (Duration: 0.0ms | Allocations: 6)
Completed 200 OK in 7ms (Views: 6.1ms | ActiveRecord: 0.0ms | Allocations: 3875)


Started POST "/path" for 127.0.0.1 at 2020-01-19 17:02:45 -0300
Processing by ApplicationController#path as HTML
  Parameters: {"authenticity_token"=>"2w3Z9uAFddCTEVt9DNXB5GggMDqGdvezX50uXgG5+F2ehYGcq7OKHjcQWaMpdAkTyw8nEnn6FBsTBQT1Dz/FRg==", "email"=>"victoralcnunes@hotmail.com", "subject"=>"testando", "body"=>"teste de mailer", "commit"=>"submit"}
ApplicationMailer#send_notification_to_master: processed outbound mail in 1.4ms
Completed 500 Internal Server Error in 8ms (ActiveRecord: 0.0ms | Allocations: 3879)


  
ActionView::MissingTemplate (Missing template application_mailer/send_notification_to_master with "mailer". Searched in:
  * "application_mailer"
):
  
app/mailers/application_mailer.rb:7:in `send_notification_to_master'
app/controllers/application_controller.rb:6:in `path'
Started GET "/" for 127.0.0.1 at 2020-01-19 17:03:51 -0300
Processing by WelcomeController#index as HTML
  Rendering welcome/index.html.erb within layouts/application
  Rendered welcome/index.html.erb within layouts/application (Duration: 0.6ms | Allocations: 223)
[Webpacker] Everything's up-to-date. Nothing to do
  Rendered layouts/_scripts.html.erb (Duration: 0.0ms | Allocations: 6)
Completed 200 OK in 7ms (Views: 6.5ms | ActiveRecord: 0.0ms | Allocations: 3851)


Started POST "/path" for 127.0.0.1 at 2020-01-19 17:03:52 -0300
Processing by ApplicationController#path as HTML
  Parameters: {"authenticity_token"=>"zLbe81cWSAPbmqXsBP4aFsTMTiOvLAYRZrjECcOVEH2JPoaZHKC3zX+bpzIhX9LhZ+NZC1Cg5bkqIO6izRMtZg==", "email"=>"victoralcnunes@hotmail.com", "subject"=>"testando", "body"=>"teste de mailer", "commit"=>"submit"}
ApplicationMailer#send_notification_to_master: processed outbound mail in 1.3ms
Completed 500 Internal Server Error in 7ms (ActiveRecord: 0.0ms | Allocations: 3423)


  
ActionView::MissingTemplate (Missing template application_mailer/send_notification_to_master with "mailer". Searched in:
  * "application_mailer"
):
  
app/mailers/application_mailer.rb:7:in `send_notification_to_master'
app/controllers/application_controller.rb:6:in `path'
Started GET "/" for 127.0.0.1 at 2020-01-19 17:06:19 -0300
Processing by WelcomeController#index as HTML
  Rendering welcome/index.html.erb within layouts/application
  Rendered welcome/index.html.erb within layouts/application (Duration: 1.1ms | Allocations: 459)
[Webpacker] Everything's up-to-date. Nothing to do
  Rendered layouts/_scripts.html.erb (Duration: 0.4ms | Allocations: 86)
Completed 200 OK in 10ms (Views: 9.2ms | ActiveRecord: 0.0ms | Allocations: 5108)


Started POST "/path" for 127.0.0.1 at 2020-01-19 17:06:21 -0300
Processing by ApplicationController#path as HTML
  Parameters: {"authenticity_token"=>"VGTTNLKTXVpfNsycCcPeGN37xmwRVroGajjR5LUfIFcR7Ite+SWilPs3zkIsYhbvftTRRO7aWa4moPtPu5kdTA==", "email"=>"victoralcnunes@hotmail.com", "subject"=>"testando", "body"=>"teste de mailer", "commit"=>"submit"}
  Rendering application_mailer/send_notification_to_master.html.erb
  Rendered application_mailer/send_notification_to_master.html.erb (Duration: 0.7ms | Allocations: 139)
  Rendering application_mailer/send_notification_to_master.text.erb
  Rendered application_mailer/send_notification_to_master.text.erb (Duration: 1.1ms | Allocations: 99)
ApplicationMailer#send_notification_to_master: processed outbound mail in 138.7ms
Delivered mail 5e24b6be35bed_14a2b0e4bb906e840951@victornunes-Inspiron-5548.mail (295.0ms)
Date: Sun, 19 Jan 2020 17:06:22 -0300
From: no-reply@devweb.com
To: victoralcnunes@hotmail.com
Message-ID: <5e24b6be35bed_14a2b0e4bb906e840951@victornunes-Inspiron-5548.mail>
Subject: testando
Mime-Version: 1.0
Content-Type: multipart/alternative;
 boundary="--==_mimepart_5e24b6bdeed08_14a2b0e4bb906e8408fc";
 charset=UTF-8
Content-Transfer-Encoding: 7bit


----==_mimepart_5e24b6bdeed08_14a2b0e4bb906e8408fc
Content-Type: text/plain;
 charset=UTF-8
Content-Transfer-Encoding: 7bit


----==_mimepart_5e24b6bdeed08_14a2b0e4bb906e8408fc
Content-Type: text/html;
 charset=UTF-8
Content-Transfer-Encoding: 7bit

<!DOCTYPE html>
<html>
  <head>
    <meta http-equiv="Content-Type" content="text/html; charset=utf-8" />
    <style>
      /* Email styles need to be inline */
    </style>
  </head>

  <body>
    
    teste de mailer
  </body>
</html>

----==_mimepart_5e24b6bdeed08_14a2b0e4bb906e8408fc--

No template found for ApplicationController#path, rendering head :no_content
Completed 204 No Content in 442ms (ActiveRecord: 0.0ms | Allocations: 14061)


Started GET "/" for 127.0.0.1 at 2020-01-19 17:12:41 -0300
Processing by WelcomeController#index as HTML
  Rendering welcome/index.html.erb within layouts/application
  Rendered welcome/index.html.erb within layouts/application (Duration: 0.6ms | Allocations: 223)
[Webpacker] Everything's up-to-date. Nothing to do
  Rendered layouts/_scripts.html.erb (Duration: 0.0ms | Allocations: 6)
Completed 200 OK in 149ms (Views: 147.5ms | ActiveRecord: 0.0ms | Allocations: 3727)


Started POST "/path" for 127.0.0.1 at 2020-01-19 17:12:53 -0300
Processing by ApplicationController#path as HTML
  Parameters: {"authenticity_token"=>"tqzhxzvU21oKDgb/ppdbVcOzQYjWPhctoUVHNdbB+q/zJLmtcGIklK4PBCGDNpOiYJxWoCmy9IXt3W2e2EfHtA==", "email"=>"victoralcnunes@gmail.com", "subject"=>"testando", "body"=>"teste de mai", "commit"=>"submit"}
  Rendering application_mailer/send_notification_to_master.html.erb
  Rendered application_mailer/send_notification_to_master.html.erb (Duration: 0.1ms | Allocations: 10)
  Rendering application_mailer/send_notification_to_master.text.erb
  Rendered application_mailer/send_notification_to_master.text.erb (Duration: 0.1ms | Allocations: 8)
ApplicationMailer#send_notification_to_master: processed outbound mail in 5.5ms
Delivered mail 5e24b845ec142_14a2b0e4bb906e8411ad@victornunes-Inspiron-5548.mail (266.4ms)
Date: Sun, 19 Jan 2020 17:12:53 -0300
From: no-reply@devweb.com
To: victoralcnunes@gmail.com
Message-ID: <5e24b845ec142_14a2b0e4bb906e8411ad@victornunes-Inspiron-5548.mail>
Subject: testando
Mime-Version: 1.0
Content-Type: multipart/alternative;
 boundary="--==_mimepart_5e24b845b8bbe_14a2b0e4bb906e8410a2";
 charset=UTF-8
Content-Transfer-Encoding: 7bit


----==_mimepart_5e24b845b8bbe_14a2b0e4bb906e8410a2
Content-Type: text/plain;
 charset=UTF-8
Content-Transfer-Encoding: 7bit


----==_mimepart_5e24b845b8bbe_14a2b0e4bb906e8410a2
Content-Type: text/html;
 charset=UTF-8
Content-Transfer-Encoding: 7bit

<!DOCTYPE html>
<html>
  <head>
    <meta http-equiv="Content-Type" content="text/html; charset=utf-8" />
    <style>
      /* Email styles need to be inline */
    </style>
  </head>

  <body>
    
    teste de mai
  </body>
</html>

----==_mimepart_5e24b845b8bbe_14a2b0e4bb906e8410a2--

No template found for ApplicationController#path, rendering head :no_content
Completed 204 No Content in 287ms (ActiveRecord: 0.0ms | Allocations: 8499)


Started GET "/" for 127.0.0.1 at 2020-01-19 17:16:33 -0300
Processing by WelcomeController#index as HTML
  Rendering welcome/index.html.erb within layouts/application
  Rendered welcome/index.html.erb within layouts/application (Duration: 0.6ms | Allocations: 223)
[Webpacker] Everything's up-to-date. Nothing to do
  Rendered layouts/_scripts.html.erb (Duration: 0.0ms | Allocations: 6)
Completed 200 OK in 146ms (Views: 145.0ms | ActiveRecord: 0.0ms | Allocations: 3854)


Started POST "/path" for 127.0.0.1 at 2020-01-19 17:16:46 -0300
Processing by ApplicationController#path as HTML
  Parameters: {"authenticity_token"=>"Y72s1DtIfZYu8dc1dRytK+mUZ7F/R8UGfYOaLl7w+FYmNfS+cP6CWIrw1etQvWXcSrtwmYDLJq4xG7CFUHbFTQ==", "email"=>"victoralcnunes@hotmail.com", "subject"=>"testando", "body"=>"teste de mailer", "commit"=>"submit"}
  Rendering application_mailer/send_notification_to_master.html.erb
  Rendered application_mailer/send_notification_to_master.html.erb (Duration: 0.1ms | Allocations: 10)
  Rendering application_mailer/send_notification_to_master.text.erb
  Rendered application_mailer/send_notification_to_master.text.erb (Duration: 0.1ms | Allocations: 8)
ApplicationMailer#send_notification_to_master: processed outbound mail in 6.4ms
Delivered mail 5e24b92fe6565_14a2b0e4bb9064841380@victornunes-Inspiron-5548.mail (25.6ms)
Date: Sun, 19 Jan 2020 17:16:47 -0300
From: victoralcnunes@gmail.com
To: victoralcnunes@hotmail.com
Message-ID: <5e24b92fe6565_14a2b0e4bb9064841380@victornunes-Inspiron-5548.mail>
Subject: testando
Mime-Version: 1.0
Content-Type: multipart/alternative;
 boundary="--==_mimepart_5e24b92fe56de_14a2b0e4bb9064841214";
 charset=UTF-8
Content-Transfer-Encoding: 7bit


----==_mimepart_5e24b92fe56de_14a2b0e4bb9064841214
Content-Type: text/plain;
 charset=UTF-8
Content-Transfer-Encoding: 7bit


----==_mimepart_5e24b92fe56de_14a2b0e4bb9064841214
Content-Type: text/html;
 charset=UTF-8
Content-Transfer-Encoding: 7bit

<!DOCTYPE html>
<html>
  <head>
    <meta http-equiv="Content-Type" content="text/html; charset=utf-8" />
    <style>
      /* Email styles need to be inline */
    </style>
  </head>

  <body>
    
    teste de mailer
  </body>
</html>

----==_mimepart_5e24b92fe56de_14a2b0e4bb9064841214--

No template found for ApplicationController#path, rendering head :no_content
Completed 204 No Content in 1193ms (ActiveRecord: 0.0ms | Allocations: 10277)


Started GET "/" for 127.0.0.1 at 2020-01-19 17:29:18 -0300
Processing by WelcomeController#index as HTML
  Rendering welcome/index.html.erb within layouts/application
  Rendered welcome/index.html.erb within layouts/application (Duration: 18.9ms | Allocations: 621)
[Webpacker] Everything's up-to-date. Nothing to do
  Rendered layouts/_scripts.html.erb (Duration: 15.5ms | Allocations: 89)
Completed 200 OK in 1214ms (Views: 1208.4ms | ActiveRecord: 0.0ms | Allocations: 12436)


Started POST "/path" for 127.0.0.1 at 2020-01-19 17:29:23 -0300
Processing by ApplicationController#path as HTML
  Parameters: {"authenticity_token"=>"phF2mdBGkM0zjERAwpxUcD8ZcYzCbd/6hZlU6gUgNkzjmS7zm/BvA5eNRp7nPZyHnDZmpD3hPFLJAX5BC6YLVw==", "email"=>"victoralcnunes@hotmail.com", "subject"=>"testando", "body"=>"teste de mailer", "commit"=>"submit"}
  Rendering application_mailer/send_notification_to_master.html.erb
  Rendered application_mailer/send_notification_to_master.html.erb (Duration: 17.0ms | Allocations: 140)
  Rendering application_mailer/send_notification_to_master.text.erb
  Rendered application_mailer/send_notification_to_master.text.erb (Duration: 0.9ms | Allocations: 99)
ApplicationMailer#send_notification_to_master: processed outbound mail in 28.4ms
Delivered mail 5e24bc23cd803_9042b0ae48abdd427a7@victornunes-Inspiron-5548.mail (1397.6ms)
Date: Sun, 19 Jan 2020 17:29:23 -0300
From: victoralcnunes@gmail.com
To: victoralcnunes@hotmail.com
Message-ID: <5e24bc23cd803_9042b0ae48abdd427a7@victornunes-Inspiron-5548.mail>
Subject: testando
Mime-Version: 1.0
Content-Type: multipart/alternative;
 boundary="--==_mimepart_5e24bc23cb5fd_9042b0ae48abdd42683";
 charset=UTF-8
Content-Transfer-Encoding: 7bit


----==_mimepart_5e24bc23cb5fd_9042b0ae48abdd42683
Content-Type: text/plain;
 charset=UTF-8
Content-Transfer-Encoding: 7bit


----==_mimepart_5e24bc23cb5fd_9042b0ae48abdd42683
Content-Type: text/html;
 charset=UTF-8
Content-Transfer-Encoding: 7bit

<!DOCTYPE html>
<html>
  <head>
    <meta http-equiv="Content-Type" content="text/html; charset=utf-8" />
    <style>
      /* Email styles need to be inline */
    </style>
  </head>

  <body>
    
    teste de mailer
  </body>
</html>

----==_mimepart_5e24bc23cb5fd_9042b0ae48abdd42683--

No template found for ApplicationController#path, rendering head :no_content
Completed 204 No Content in 1590ms (ActiveRecord: 0.0ms | Allocations: 23409)


Started GET "/" for 127.0.0.1 at 2020-01-19 17:37:17 -0300
Processing by WelcomeController#index as HTML
  Rendering welcome/index.html.erb within layouts/application
  Rendered welcome/index.html.erb within layouts/application (Duration: 0.5ms | Allocations: 224)
[Webpacker] Everything's up-to-date. Nothing to do
  Rendered layouts/_scripts.html.erb (Duration: 0.0ms | Allocations: 6)
Completed 200 OK in 8ms (Views: 5.3ms | ActiveRecord: 0.0ms | Allocations: 3733)


Started POST "/path" for 127.0.0.1 at 2020-01-19 17:37:18 -0300
Processing by ApplicationController#path as HTML
  Parameters: {"authenticity_token"=>"l7+q+IyVzk0gF+SW6rIiOJhlIZH8WI6PXWxRWjZTadnSN/KSxyMxg4QW5kjPE+rPO0o2uQPUbScR9HvxONVUwg==", "email"=>"victoralcnunes@hotmail.com", "subject"=>"testando", "body"=>"teste de mailer", "commit"=>"submit"}
  Rendering application_mailer/send_notification_to_master.html.erb
  Rendered application_mailer/send_notification_to_master.html.erb (Duration: 0.1ms | Allocations: 10)
  Rendering application_mailer/send_notification_to_master.text.erb
  Rendered application_mailer/send_notification_to_master.text.erb (Duration: 0.0ms | Allocations: 8)
ApplicationMailer#send_notification_to_master: processed outbound mail in 3.3ms
Delivered mail 5e24bdfeadafa_9042b0ae48abfb4296a@victornunes-Inspiron-5548.mail (2357.9ms)
Date: Sun, 19 Jan 2020 17:37:18 -0300
From: victoralcnunes@gmail.com
To: victoralcnunes@hotmail.com
Message-ID: <5e24bdfeadafa_9042b0ae48abfb4296a@victornunes-Inspiron-5548.mail>
Subject: testando
Mime-Version: 1.0
Content-Type: multipart/alternative;
 boundary="--==_mimepart_5e24bdfead061_9042b0ae48abfb4286e";
 charset=UTF-8
Content-Transfer-Encoding: 7bit


----==_mimepart_5e24bdfead061_9042b0ae48abfb4286e
Content-Type: text/plain;
 charset=UTF-8
Content-Transfer-Encoding: 7bit


----==_mimepart_5e24bdfead061_9042b0ae48abfb4286e
Content-Type: text/html;
 charset=UTF-8
Content-Transfer-Encoding: 7bit

<!DOCTYPE html>
<html>
  <head>
    <meta http-equiv="Content-Type" content="text/html; charset=utf-8" />
    <style>
      /* Email styles need to be inline */
    </style>
  </head>

  <body>
    
    teste de mailer
  </body>
</html>

----==_mimepart_5e24bdfead061_9042b0ae48abfb4286e--

No template found for ApplicationController#path, rendering head :no_content
Completed 204 No Content in 2364ms (ActiveRecord: 0.0ms | Allocations: 8863)


Started GET "/" for 127.0.0.1 at 2020-01-19 17:40:23 -0300
Processing by WelcomeController#index as HTML
  Rendering welcome/index.html.erb within layouts/application
  Rendered welcome/index.html.erb within layouts/application (Duration: 16.4ms | Allocations: 621)
[Webpacker] Everything's up-to-date. Nothing to do
  Rendered layouts/_scripts.html.erb (Duration: 8.6ms | Allocations: 89)
Completed 200 OK in 222ms (Views: 216.3ms | ActiveRecord: 0.0ms | Allocations: 8529)


Started POST "/path" for 127.0.0.1 at 2020-01-19 17:40:27 -0300
Processing by ApplicationController#path as HTML
  Parameters: {"authenticity_token"=>"zTD931TZKB12+AJ6PJzoOjkb9oyLJB0GPMo3+bK1v3SIuKW1H2/X09L5AKQZPSDNmjThpHSo/q5wUh1SvDOCbw==", "email"=>"victoralcnunes@hotmail.com", "subject"=>"testando", "body"=>"teste de mailer", "commit"=>"submit"}
  Rendering application_mailer/send_notification_to_master.html.erb
  Rendered application_mailer/send_notification_to_master.html.erb (Duration: 18.5ms | Allocations: 140)
  Rendering application_mailer/send_notification_to_master.text.erb
  Rendered application_mailer/send_notification_to_master.text.erb (Duration: 0.4ms | Allocations: 109)
ApplicationMailer#send_notification_to_master: processed outbound mail in 26.1ms
Delivered mail 5e24bebb2d441_bdd2ae83235092c5ad@victornunes-Inspiron-5548.mail (3222.2ms)
Date: Sun, 19 Jan 2020 17:40:27 -0300
From: victoralcnunes@gmail.com
To: victoralcnunes@hotmail.com
Message-ID: <5e24bebb2d441_bdd2ae83235092c5ad@victornunes-Inspiron-5548.mail>
Subject: testando
Mime-Version: 1.0
Content-Type: multipart/alternative;
 boundary="--==_mimepart_5e24bebb2a773_bdd2ae83235092c432";
 charset=UTF-8
Content-Transfer-Encoding: 7bit


----==_mimepart_5e24bebb2a773_bdd2ae83235092c432
Content-Type: text/plain;
 charset=UTF-8
Content-Transfer-Encoding: 7bit


teste de mailer
----==_mimepart_5e24bebb2a773_bdd2ae83235092c432
Content-Type: text/html;
 charset=UTF-8
Content-Transfer-Encoding: 7bit

<!DOCTYPE html>
<html>
  <head>
    <meta http-equiv="Content-Type" content="text/html; charset=utf-8" />
    <style>
      /* Email styles need to be inline */
    </style>
  </head>

  <body>
    
    teste de mailer
  </body>
</html>

----==_mimepart_5e24bebb2a773_bdd2ae83235092c432--

No template found for ApplicationController#path, rendering head :no_content
Completed 204 No Content in 3296ms (ActiveRecord: 0.0ms | Allocations: 25524)


Started GET "/" for 127.0.0.1 at 2020-01-19 19:31:37 -0300
Processing by WelcomeController#index as HTML
  Rendering welcome/index.html.erb within layouts/application
  Rendered welcome/index.html.erb within layouts/application (Duration: 1.9ms | Allocations: 593)
[Webpacker] Everything's up-to-date. Nothing to do
  Rendered layouts/_scripts.html.erb (Duration: 13.4ms | Allocations: 89)
Completed 200 OK in 642ms (Views: 636.3ms | ActiveRecord: 0.0ms | Allocations: 8505)


  
ActionController::RoutingError (No route matches [GET] "/assets/images/minion1.jpg"):
  
actionpack (6.0.2.1) lib/action_dispatch/middleware/debug_exceptions.rb:36:in `call'
web-console (4.0.1) lib/web_console/middleware.rb:132:in `call_app'
web-console (4.0.1) lib/web_console/middleware.rb:28:in `block in call'
web-console (4.0.1) lib/web_console/middleware.rb:17:in `catch'
web-console (4.0.1) lib/web_console/middleware.rb:17:in `call'
actionpack (6.0.2.1) lib/action_dispatch/middleware/show_exceptions.rb:33:in `call'
railties (6.0.2.1) lib/rails/rack/logger.rb:38:in `call_app'
railties (6.0.2.1) lib/rails/rack/logger.rb:26:in `block in call'
activesupport (6.0.2.1) lib/active_support/tagged_logging.rb:80:in `block in tagged'
activesupport (6.0.2.1) lib/active_support/tagged_logging.rb:28:in `tagged'
activesupport (6.0.2.1) lib/active_support/tagged_logging.rb:80:in `tagged'
railties (6.0.2.1) lib/rails/rack/logger.rb:26:in `call'
sprockets-rails (3.2.1) lib/sprockets/rails/quiet_assets.rb:11:in `block in call'
activesupport (6.0.2.1) lib/active_support/logger_silence.rb:36:in `silence'
activesupport (6.0.2.1) lib/active_support/logger.rb:64:in `block (3 levels) in broadcast'
activesupport (6.0.2.1) lib/active_support/logger_silence.rb:36:in `silence'
activesupport (6.0.2.1) lib/active_support/logger.rb:62:in `block (2 levels) in broadcast'
sprockets-rails (3.2.1) lib/sprockets/rails/quiet_assets.rb:11:in `call'
actionpack (6.0.2.1) lib/action_dispatch/middleware/remote_ip.rb:81:in `call'
actionpack (6.0.2.1) lib/action_dispatch/middleware/request_id.rb:27:in `call'
rack (2.1.1) lib/rack/method_override.rb:24:in `call'
rack (2.1.1) lib/rack/runtime.rb:24:in `call'
activesupport (6.0.2.1) lib/active_support/cache/strategy/local_cache_middleware.rb:29:in `call'
actionpack (6.0.2.1) lib/action_dispatch/middleware/executor.rb:14:in `call'
actionpack (6.0.2.1) lib/action_dispatch/middleware/static.rb:126:in `call'
rack (2.1.1) lib/rack/sendfile.rb:113:in `call'
actionpack (6.0.2.1) lib/action_dispatch/middleware/host_authorization.rb:83:in `call'
webpacker (4.2.2) lib/webpacker/dev_server_proxy.rb:23:in `perform_request'
rack-proxy (0.6.5) lib/rack/proxy.rb:57:in `call'
railties (6.0.2.1) lib/rails/engine.rb:526:in `call'
puma (4.3.1) lib/puma/configuration.rb:228:in `call'
puma (4.3.1) lib/puma/server.rb:681:in `handle_request'
puma (4.3.1) lib/puma/server.rb:472:in `process_client'
puma (4.3.1) lib/puma/server.rb:328:in `block in run'
puma (4.3.1) lib/puma/thread_pool.rb:134:in `block in spawn_thread'
Started GET "/" for 127.0.0.1 at 2020-01-19 19:33:38 -0300
Processing by WelcomeController#index as HTML
  Rendering welcome/index.html.erb within layouts/application
  Rendered welcome/index.html.erb within layouts/application (Duration: 15.5ms | Allocations: 1038)
[Webpacker] Everything's up-to-date. Nothing to do
  Rendered layouts/_scripts.html.erb (Duration: 0.3ms | Allocations: 86)
Completed 200 OK in 24ms (Views: 23.0ms | ActiveRecord: 0.0ms | Allocations: 5607)


Started GET "/" for 127.0.0.1 at 2020-01-19 19:34:52 -0300
Processing by WelcomeController#index as HTML
  Rendering welcome/index.html.erb within layouts/application
  Rendered welcome/index.html.erb within layouts/application (Duration: 2.0ms | Allocations: 994)
[Webpacker] Everything's up-to-date. Nothing to do
  Rendered layouts/_scripts.html.erb (Duration: 0.3ms | Allocations: 86)
Completed 200 OK in 11ms (Views: 9.8ms | ActiveRecord: 0.0ms | Allocations: 5549)


Started POST "/send_minions" for 127.0.0.1 at 2020-01-19 19:34:57 -0300
Processing by ApplicationController#send_minions as HTML
  Parameters: {"authenticity_token"=>"cu5RWZs3aA6Np3xpJ7bdO73Ao2dkHA9+Qi4F1tIwtDU3Zgkz0IGXwCmmfrcCFxXMHu+0T5uQ7NYOti993LaJLg==", "email"=>"gosteidesse@whatever.com", "nome"=>"hahaha", "qtd"=>"3", "commit"=>"submit"}
Completed 500 Internal Server Error in 149ms (ActiveRecord: 0.0ms | Allocations: 13482)


  
NoMethodError (undefined method `send_notification' for ApplicationMailer:Class):
  
app/controllers/application_controller.rb:6:in `send_minions'
Started GET "/" for 127.0.0.1 at 2020-01-19 19:35:18 -0300
Processing by WelcomeController#index as HTML
  Rendering welcome/index.html.erb within layouts/application
  Rendered welcome/index.html.erb within layouts/application (Duration: 1.8ms | Allocations: 757)
[Webpacker] Everything's up-to-date. Nothing to do
  Rendered layouts/_scripts.html.erb (Duration: 0.0ms | Allocations: 6)
Completed 200 OK in 8ms (Views: 6.9ms | ActiveRecord: 0.0ms | Allocations: 4336)


Started POST "/send_minions" for 127.0.0.1 at 2020-01-19 19:35:20 -0300
Processing by ApplicationController#send_minions as HTML
  Parameters: {"authenticity_token"=>"fWK39qxtKPr5mYntigcn1zdSWkTbfo6UzRIMePjSp5E46u+c59vXNF2YizOvpu8glH1NbCTybTyBiibT9lSaig==", "email"=>"gosteidesse@whatever.com", "nome"=>"hahaha", "qtd"=>"3", "commit"=>"submit"}
ApplicationMailer#send_notification: processed outbound mail in 6.0ms
Completed 500 Internal Server Error in 14ms (ActiveRecord: 0.0ms | Allocations: 5339)


  
NameError (undefined local variable or method `subject' for #<ApplicationMailer:0x00007fa3f8077288>):
  
app/mailers/application_mailer.rb:9:in `send_notification'
app/controllers/application_controller.rb:6:in `send_minions'
Started POST "/send_minions" for 127.0.0.1 at 2020-01-19 19:35:48 -0300
Processing by ApplicationController#send_minions as HTML
  Parameters: {"authenticity_token"=>"fWK39qxtKPr5mYntigcn1zdSWkTbfo6UzRIMePjSp5E46u+c59vXNF2YizOvpu8glH1NbCTybTyBiibT9lSaig==", "email"=>"gosteidesse@whatever.com", "nome"=>"hahaha", "qtd"=>"3", "commit"=>"submit"}
ApplicationMailer#send_notification: processed outbound mail in 1.1ms
Completed 500 Internal Server Error in 6ms (ActiveRecord: 0.0ms | Allocations: 3818)


  
ActionView::MissingTemplate (Missing template application_mailer/send_notification with "mailer". Searched in:
  * "application_mailer"
):
  
app/mailers/application_mailer.rb:9:in `send_notification'
app/controllers/application_controller.rb:6:in `send_minions'
Started POST "/send_minions" for 127.0.0.1 at 2020-01-19 19:35:52 -0300
Processing by ApplicationController#send_minions as HTML
  Parameters: {"authenticity_token"=>"fWK39qxtKPr5mYntigcn1zdSWkTbfo6UzRIMePjSp5E46u+c59vXNF2YizOvpu8glH1NbCTybTyBiibT9lSaig==", "email"=>"gosteidesse@whatever.com", "nome"=>"hahaha", "qtd"=>"3", "commit"=>"submit"}
ApplicationMailer#send_notification: processed outbound mail in 0.6ms
Completed 500 Internal Server Error in 2ms (ActiveRecord: 0.0ms | Allocations: 1809)


  
ActionView::MissingTemplate (Missing template application_mailer/send_notification with "mailer". Searched in:
  * "application_mailer"
):
  
app/mailers/application_mailer.rb:9:in `send_notification'
app/controllers/application_controller.rb:6:in `send_minions'
Started POST "/send_minions" for 127.0.0.1 at 2020-01-19 19:36:28 -0300
Processing by ApplicationController#send_minions as HTML
  Parameters: {"authenticity_token"=>"fWK39qxtKPr5mYntigcn1zdSWkTbfo6UzRIMePjSp5E46u+c59vXNF2YizOvpu8glH1NbCTybTyBiibT9lSaig==", "email"=>"gosteidesse@whatever.com", "nome"=>"hahaha", "qtd"=>"3", "commit"=>"submit"}
  Rendering application_mailer/send_notification.html.erb
  Rendered application_mailer/send_notification.html.erb (Duration: 0.5ms | Allocations: 129)
  Rendering application_mailer/send_notification.text.erb
  Rendered application_mailer/send_notification.text.erb (Duration: 0.4ms | Allocations: 109)
ApplicationMailer#send_notification: processed outbound mail in 45.1ms
Delivered mail 5e24d9ec7dc51_18e92b28a32923f84272a@victornunes-Inspiron-5548.mail (3346.3ms)
Date: Sun, 19 Jan 2020 19:36:28 -0300
From: victoralcnunes@gmail.com
To: victoralcnunes@hotmail.com
Message-ID: <5e24d9ec7dc51_18e92b28a32923f84272a@victornunes-Inspiron-5548.mail>
Subject: Novo pedido!
Mime-Version: 1.0
Content-Type: multipart/alternative;
 boundary="--==_mimepart_5e24d9ec75970_18e92b28a32923f8426dd";
 charset=UTF-8
Content-Transfer-Encoding: 7bit


----==_mimepart_5e24d9ec75970_18e92b28a32923f8426dd
Content-Type: text/plain;
 charset=UTF-8
Content-Transfer-Encoding: 7bit


----==_mimepart_5e24d9ec75970_18e92b28a32923f8426dd
Content-Type: text/html;
 charset=UTF-8
Content-Transfer-Encoding: quoted-printable

<!DOCTYPE html>=0D
<html>=0D
  <head>=0D
    <meta http-equiv=3D"Content-Type" content=3D"text/html; charset=3Dutf=
-8" />=0D
    <style>=0D
      /* Email styles need to be inline */=0D
    </style>=0D
  </head>=0D
=0D
  <body>=0D
    =0D
    <h1>Voc=C3=AA tem uma nova demanda!</h1>=0D
    <p><b>"Colocar nome aqui"</b> fez um pedido de <b>"Colocar quantidade=
 aqui"</b> Minions!</p>=0D
  </body>=0D
</html>=0D

----==_mimepart_5e24d9ec75970_18e92b28a32923f8426dd--

No template found for ApplicationController#send_minions, rendering head :no_content
Completed 204 No Content in 3397ms (ActiveRecord: 0.0ms | Allocations: 16798)


Started GET "/" for 127.0.0.1 at 2020-01-19 19:37:13 -0300
Processing by WelcomeController#index as HTML
  Rendering welcome/index.html.erb within layouts/application
  Rendered welcome/index.html.erb within layouts/application (Duration: 3.0ms | Allocations: 992)
[Webpacker] Everything's up-to-date. Nothing to do
  Rendered layouts/_scripts.html.erb (Duration: 0.3ms | Allocations: 86)
Completed 200 OK in 15ms (Views: 13.0ms | ActiveRecord: 0.0ms | Allocations: 5518)


Started POST "/send_minions" for 127.0.0.1 at 2020-01-19 19:37:14 -0300
Processing by ApplicationController#send_minions as HTML
  Parameters: {"authenticity_token"=>"iWuvlTR48bWO/ktKIiEMSbSkfdBDcIUqASFTCpCfR/HM4/f/f84Oeyr/SZQHgMS+F4tq+Lz8ZoJNuXmhnhl66g==", "email"=>"gosteidesse@whatever.com", "nome"=>"hahaha", "qtd"=>"3", "commit"=>"submit"}
  Rendering application_mailer/send_notification.html.erb
  Rendered application_mailer/send_notification.html.erb (Duration: 0.7ms | Allocations: 155)
  Rendering application_mailer/send_notification.text.erb
  Rendered application_mailer/send_notification.text.erb (Duration: 0.4ms | Allocations: 106)
ApplicationMailer#send_notification: processed outbound mail in 7.8ms
Delivered mail 5e24da1ab44c4_18e92b28a32923f842998@victornunes-Inspiron-5548.mail (4196.7ms)
Date: Sun, 19 Jan 2020 19:37:14 -0300
From: victoralcnunes@gmail.com
To: victoralcnunes@hotmail.com
Message-ID: <5e24da1ab44c4_18e92b28a32923f842998@victornunes-Inspiron-5548.mail>
Subject: Novo pedido!
Mime-Version: 1.0
Content-Type: multipart/alternative;
 boundary="--==_mimepart_5e24da1ab3bca_18e92b28a32923f8428d5";
 charset=UTF-8
Content-Transfer-Encoding: 7bit


----==_mimepart_5e24da1ab3bca_18e92b28a32923f8428d5
Content-Type: text/plain;
 charset=UTF-8
Content-Transfer-Encoding: 7bit


----==_mimepart_5e24da1ab3bca_18e92b28a32923f8428d5
Content-Type: text/html;
 charset=UTF-8
Content-Transfer-Encoding: quoted-printable

<!DOCTYPE html>=0D
<html>=0D
  <head>=0D
    <meta http-equiv=3D"Content-Type" content=3D"text/html; charset=3Dutf=
-8" />=0D
    <style>=0D
      /* Email styles need to be inline */=0D
    </style>=0D
  </head>=0D
=0D
  <body>=0D
    =0D
    <h1>Voc=C3=AA tem uma nova demanda!</h1>=0D
    <p><b></b> fez um pedido de <b></b> Minions!</p>=0D
  </body>=0D
</html>=0D

----==_mimepart_5e24da1ab3bca_18e92b28a32923f8428d5--

No template found for ApplicationController#send_minions, rendering head :no_content
Completed 204 No Content in 4210ms (ActiveRecord: 0.0ms | Allocations: 14054)


Started GET "/" for 127.0.0.1 at 2020-01-19 19:38:19 -0300
Processing by WelcomeController#index as HTML
  Rendering welcome/index.html.erb within layouts/application
  Rendered welcome/index.html.erb within layouts/application (Duration: 2.9ms | Allocations: 991)
[Webpacker] Everything's up-to-date. Nothing to do
  Rendered layouts/_scripts.html.erb (Duration: 0.3ms | Allocations: 86)
Completed 200 OK in 14ms (Views: 12.9ms | ActiveRecord: 0.0ms | Allocations: 5546)


Started POST "/send_minions" for 127.0.0.1 at 2020-01-19 19:38:21 -0300
Processing by ApplicationController#send_minions as HTML
  Parameters: {"authenticity_token"=>"DYt4lst9R2lYOdR8pOwTahLxCp4vBCi/i3mjzea9JA1IAyD8gMu4p/w41qKBTdudsd4dttCIyxfH4Ylm6DsZFg==", "email"=>"gosteidesse@whatever.com", "nome"=>"hahaha", "qtd"=>"3", "commit"=>"submit"}
  Rendering application_mailer/send_notification.html.erb
  Rendered application_mailer/send_notification.html.erb (Duration: 0.5ms | Allocations: 155)
  Rendering application_mailer/send_notification.text.erb
  Rendered application_mailer/send_notification.text.erb (Duration: 0.4ms | Allocations: 106)
ApplicationMailer#send_notification: processed outbound mail in 7.8ms
Delivered mail 5e24da5d44ba8_18e92b28a32923f843153@victornunes-Inspiron-5548.mail (3008.7ms)
Date: Sun, 19 Jan 2020 19:38:21 -0300
From: victoralcnunes@gmail.com
To: victoralcnunes@hotmail.com
Message-ID: <5e24da5d44ba8_18e92b28a32923f843153@victornunes-Inspiron-5548.mail>
Subject: Novo pedido!
Mime-Version: 1.0
Content-Type: multipart/alternative;
 boundary="--==_mimepart_5e24da5d43aa6_18e92b28a32923f843062";
 charset=UTF-8
Content-Transfer-Encoding: 7bit


----==_mimepart_5e24da5d43aa6_18e92b28a32923f843062
Content-Type: text/plain;
 charset=UTF-8
Content-Transfer-Encoding: 7bit


----==_mimepart_5e24da5d43aa6_18e92b28a32923f843062
Content-Type: text/html;
 charset=UTF-8
Content-Transfer-Encoding: quoted-printable

<!DOCTYPE html>=0D
<html>=0D
  <head>=0D
    <meta http-equiv=3D"Content-Type" content=3D"text/html; charset=3Dutf=
-8" />=0D
    <style>=0D
      /* Email styles need to be inline */=0D
    </style>=0D
  </head>=0D
=0D
  <body>=0D
    =0D
    <h1>Voc=C3=AA tem uma nova demanda!</h1>=0D
    <p><b></b> fez um pedido de <b></b> Minions!</p>=0D
  </body>=0D
</html>=0D

----==_mimepart_5e24da5d43aa6_18e92b28a32923f843062--

No template found for ApplicationController#send_minions, rendering head :no_content
Completed 204 No Content in 3023ms (ActiveRecord: 0.0ms | Allocations: 14083)


Started GET "/" for 127.0.0.1 at 2020-01-19 19:39:24 -0300
  
ActionController::RoutingError (uninitialized constant LayoutsController):
  
activesupport (6.0.2.1) lib/active_support/inflector/methods.rb:282:in `const_get'
activesupport (6.0.2.1) lib/active_support/inflector/methods.rb:282:in `block in constantize'
activesupport (6.0.2.1) lib/active_support/inflector/methods.rb:280:in `each'
activesupport (6.0.2.1) lib/active_support/inflector/methods.rb:280:in `inject'
activesupport (6.0.2.1) lib/active_support/inflector/methods.rb:280:in `constantize'
activesupport (6.0.2.1) lib/active_support/dependencies/zeitwerk_integration.rb:19:in `constantize'
actionpack (6.0.2.1) lib/action_dispatch/http/request.rb:88:in `controller_class_for'
actionpack (6.0.2.1) lib/action_dispatch/http/request.rb:81:in `controller_class'
actionpack (6.0.2.1) lib/action_dispatch/routing/route_set.rb:45:in `controller'
actionpack (6.0.2.1) lib/action_dispatch/routing/route_set.rb:31:in `serve'
actionpack (6.0.2.1) lib/action_dispatch/journey/router.rb:49:in `block in serve'
actionpack (6.0.2.1) lib/action_dispatch/journey/router.rb:32:in `each'
actionpack (6.0.2.1) lib/action_dispatch/journey/router.rb:32:in `serve'
actionpack (6.0.2.1) lib/action_dispatch/routing/route_set.rb:837:in `call'
rack (2.1.1) lib/rack/tempfile_reaper.rb:17:in `call'
rack (2.1.1) lib/rack/etag.rb:27:in `call'
rack (2.1.1) lib/rack/conditional_get.rb:27:in `call'
rack (2.1.1) lib/rack/head.rb:14:in `call'
actionpack (6.0.2.1) lib/action_dispatch/http/content_security_policy.rb:18:in `call'
rack (2.1.1) lib/rack/session/abstract/id.rb:277:in `context'
rack (2.1.1) lib/rack/session/abstract/id.rb:271:in `call'
actionpack (6.0.2.1) lib/action_dispatch/middleware/cookies.rb:648:in `call'
activerecord (6.0.2.1) lib/active_record/migration.rb:567:in `call'
actionpack (6.0.2.1) lib/action_dispatch/middleware/callbacks.rb:27:in `block in call'
activesupport (6.0.2.1) lib/active_support/callbacks.rb:101:in `run_callbacks'
actionpack (6.0.2.1) lib/action_dispatch/middleware/callbacks.rb:26:in `call'
actionpack (6.0.2.1) lib/action_dispatch/middleware/executor.rb:14:in `call'
actionpack (6.0.2.1) lib/action_dispatch/middleware/actionable_exceptions.rb:17:in `call'
actionpack (6.0.2.1) lib/action_dispatch/middleware/debug_exceptions.rb:32:in `call'
web-console (4.0.1) lib/web_console/middleware.rb:132:in `call_app'
web-console (4.0.1) lib/web_console/middleware.rb:28:in `block in call'
web-console (4.0.1) lib/web_console/middleware.rb:17:in `catch'
web-console (4.0.1) lib/web_console/middleware.rb:17:in `call'
actionpack (6.0.2.1) lib/action_dispatch/middleware/show_exceptions.rb:33:in `call'
railties (6.0.2.1) lib/rails/rack/logger.rb:38:in `call_app'
railties (6.0.2.1) lib/rails/rack/logger.rb:26:in `block in call'
activesupport (6.0.2.1) lib/active_support/tagged_logging.rb:80:in `block in tagged'
activesupport (6.0.2.1) lib/active_support/tagged_logging.rb:28:in `tagged'
activesupport (6.0.2.1) lib/active_support/tagged_logging.rb:80:in `tagged'
railties (6.0.2.1) lib/rails/rack/logger.rb:26:in `call'
sprockets-rails (3.2.1) lib/sprockets/rails/quiet_assets.rb:13:in `call'
actionpack (6.0.2.1) lib/action_dispatch/middleware/remote_ip.rb:81:in `call'
actionpack (6.0.2.1) lib/action_dispatch/middleware/request_id.rb:27:in `call'
rack (2.1.1) lib/rack/method_override.rb:24:in `call'
rack (2.1.1) lib/rack/runtime.rb:24:in `call'
activesupport (6.0.2.1) lib/active_support/cache/strategy/local_cache_middleware.rb:29:in `call'
actionpack (6.0.2.1) lib/action_dispatch/middleware/executor.rb:14:in `call'
actionpack (6.0.2.1) lib/action_dispatch/middleware/static.rb:126:in `call'
rack (2.1.1) lib/rack/sendfile.rb:113:in `call'
actionpack (6.0.2.1) lib/action_dispatch/middleware/host_authorization.rb:83:in `call'
webpacker (4.2.2) lib/webpacker/dev_server_proxy.rb:23:in `perform_request'
rack-proxy (0.6.5) lib/rack/proxy.rb:57:in `call'
railties (6.0.2.1) lib/rails/engine.rb:526:in `call'
puma (4.3.1) lib/puma/configuration.rb:228:in `call'
puma (4.3.1) lib/puma/server.rb:681:in `handle_request'
puma (4.3.1) lib/puma/server.rb:472:in `process_client'
puma (4.3.1) lib/puma/server.rb:328:in `block in run'
puma (4.3.1) lib/puma/thread_pool.rb:134:in `block in spawn_thread'
Started GET "/" for 127.0.0.1 at 2020-01-19 19:42:38 -0300
Processing by WelcomeController#index as HTML
  Rendering welcome/index.html.erb within layouts/application
  Rendered welcome/index.html.erb within layouts/application (Duration: 23.4ms | Allocations: 3635)
[Webpacker] Everything's up-to-date. Nothing to do
  Rendered layouts/_scripts.html.erb (Duration: 0.4ms | Allocations: 89)
Completed 200 OK in 42ms (Views: 36.1ms | ActiveRecord: 0.0ms | Allocations: 8997)


Started POST "/send_minions" for 127.0.0.1 at 2020-01-19 19:42:54 -0300
Processing by ApplicationController#send_minions as HTML
  Parameters: {"authenticity_token"=>"ADYzyeM1dla2zJ0mmhohGc0S0S6LBAJeB/2Ze9uXaKJFvmujqIOJmBLNn/i/u+nubj3GBnSI4fZLZbPQ1RFVuQ==", "email"=>"gosteidesse@whatever.com", "nome"=>"Victor", "qtd"=>"3", "commit"=>"submit"}
  Rendering application_mailer/send_notification.html.erb
  Rendered application_mailer/send_notification.html.erb (Duration: 0.5ms | Allocations: 160)
  Rendering application_mailer/send_notification.text.erb
  Rendered application_mailer/send_notification.text.erb (Duration: 0.4ms | Allocations: 109)
ApplicationMailer#send_notification: processed outbound mail in 10.3ms
Delivered mail 5e24db6e8afcd_1e2c2b28e8921b9855b4@victornunes-Inspiron-5548.mail (3142.9ms)
Date: Sun, 19 Jan 2020 19:42:54 -0300
From: victoralcnunes@gmail.com
To: victoralcnunes@hotmail.com
Message-ID: <5e24db6e8afcd_1e2c2b28e8921b9855b4@victornunes-Inspiron-5548.mail>
Subject: Novo pedido!
Mime-Version: 1.0
Content-Type: multipart/alternative;
 boundary="--==_mimepart_5e24db6e8995f_1e2c2b28e8921b985449";
 charset=UTF-8
Content-Transfer-Encoding: 7bit


----==_mimepart_5e24db6e8995f_1e2c2b28e8921b985449
Content-Type: text/plain;
 charset=UTF-8
Content-Transfer-Encoding: 7bit


----==_mimepart_5e24db6e8995f_1e2c2b28e8921b985449
Content-Type: text/html;
 charset=UTF-8
Content-Transfer-Encoding: quoted-printable

<!DOCTYPE html>=0D
<html>=0D
  <head>=0D
    <meta http-equiv=3D"Content-Type" content=3D"text/html; charset=3Dutf=
-8" />=0D
    <style>=0D
      /* Email styles need to be inline */=0D
    </style>=0D
  </head>=0D
=0D
  <body>=0D
    =0D
    <h1>Voc=C3=AA tem uma nova demanda!</h1>=0D
    <p><b></b> fez um pedido de <b></b> Minions!</p>=0D
  </body>=0D
</html>=0D

----==_mimepart_5e24db6e8995f_1e2c2b28e8921b985449--

No template found for ApplicationController#send_minions, rendering head :no_content
Completed 204 No Content in 3179ms (ActiveRecord: 0.0ms | Allocations: 26312)


Started GET "/" for 127.0.0.1 at 2020-01-19 19:43:44 -0300
Processing by WelcomeController#index as HTML
  Rendering welcome/index.html.erb within layouts/application
  Rendered welcome/index.html.erb within layouts/application (Duration: 2.0ms | Allocations: 992)
[Webpacker] Everything's up-to-date. Nothing to do
  Rendered layouts/_scripts.html.erb (Duration: 0.3ms | Allocations: 86)
Completed 200 OK in 12ms (Views: 10.6ms | ActiveRecord: 0.0ms | Allocations: 5546)


Started POST "/send_minions" for 127.0.0.1 at 2020-01-19 19:43:46 -0300
Processing by ApplicationController#send_minions as HTML
  Parameters: {"authenticity_token"=>"RhFiXKM7I6opK4OQbHk+hOyE1OdNwjxdcSezaBuCZUQDmTo26I3cZI0qgU5J2PZzT6vDz7JO3/U9v5nDFQRYXw==", "email"=>"gosteidesse@whatever.com", "nome"=>"Victor", "qtd"=>"3", "commit"=>"submit"}
  Rendering application_mailer/send_notification.html.erb
  Rendered application_mailer/send_notification.html.erb (Duration: 0.6ms | Allocations: 151)
  Rendering application_mailer/send_notification.text.erb
  Rendered application_mailer/send_notification.text.erb (Duration: 0.5ms | Allocations: 106)
ApplicationMailer#send_notification: processed outbound mail in 8.2ms
Delivered mail 5e24dba225f93_1e2c2b28e8921c385714@victornunes-Inspiron-5548.mail (2961.9ms)
Date: Sun, 19 Jan 2020 19:43:46 -0300
From: victoralcnunes@gmail.com
To: victoralcnunes@hotmail.com
Message-ID: <5e24dba225f93_1e2c2b28e8921c385714@victornunes-Inspiron-5548.mail>
Subject: Novo pedido!
Mime-Version: 1.0
Content-Type: multipart/alternative;
 boundary="--==_mimepart_5e24dba225223_1e2c2b28e8921c385696";
 charset=UTF-8
Content-Transfer-Encoding: 7bit


----==_mimepart_5e24dba225223_1e2c2b28e8921c385696
Content-Type: text/plain;
 charset=UTF-8
Content-Transfer-Encoding: 7bit


----==_mimepart_5e24dba225223_1e2c2b28e8921c385696
Content-Type: text/html;
 charset=UTF-8
Content-Transfer-Encoding: quoted-printable

<!DOCTYPE html>=0D
<html>=0D
  <head>=0D
    <meta http-equiv=3D"Content-Type" content=3D"text/html; charset=3Dutf=
-8" />=0D
    <style>=0D
      /* Email styles need to be inline */=0D
    </style>=0D
  </head>=0D
=0D
  <body>=0D
    =0D
    <h1>Voc=C3=AA tem uma nova demanda!</h1>=0D
    <p><b></b> fez um pedido de <b></b> Minions!</p>=0D
  </body>=0D
</html>=0D

----==_mimepart_5e24dba225223_1e2c2b28e8921c385696--

No template found for ApplicationController#send_minions, rendering head :no_content
Completed 204 No Content in 2976ms (ActiveRecord: 0.0ms | Allocations: 14057)


Started GET "/" for 127.0.0.1 at 2020-01-19 19:44:33 -0300
Processing by WelcomeController#index as HTML
  Rendering welcome/index.html.erb within layouts/application
  Rendered welcome/index.html.erb within layouts/application (Duration: 1.9ms | Allocations: 993)
[Webpacker] Everything's up-to-date. Nothing to do
  Rendered layouts/_scripts.html.erb (Duration: 0.4ms | Allocations: 86)
Completed 200 OK in 13ms (Views: 11.1ms | ActiveRecord: 0.0ms | Allocations: 5552)


Started POST "/send_minions" for 127.0.0.1 at 2020-01-19 19:44:34 -0300
Processing by ApplicationController#send_minions as HTML
  Parameters: {"authenticity_token"=>"KDiKCwkAqi3bosM6oayh4TrXAba955ht1cLaDTBESThtsNJhQrZV43+jweSEDWkWmfgWnkJre8WZWvCmPsJ0Iw==", "email"=>"gosteidesse@whatever.com", "name"=>"Victor", "minions_qtd"=>"3", "commit"=>"submit"}
  Rendering application_mailer/send_notification.html.erb
  Rendered application_mailer/send_notification.html.erb (Duration: 0.4ms | Allocations: 152)
  Rendering application_mailer/send_notification.text.erb
  Rendered application_mailer/send_notification.text.erb (Duration: 0.4ms | Allocations: 106)
ApplicationMailer#send_notification: processed outbound mail in 8.3ms
Delivered mail 5e24dbd2f1a88_1e2c2b28e8921da059b3@victornunes-Inspiron-5548.mail (3007.2ms)
Date: Sun, 19 Jan 2020 19:44:34 -0300
From: victoralcnunes@gmail.com
To: victoralcnunes@hotmail.com
Message-ID: <5e24dbd2f1a88_1e2c2b28e8921da059b3@victornunes-Inspiron-5548.mail>
Subject: Novo pedido!
Mime-Version: 1.0
Content-Type: multipart/alternative;
 boundary="--==_mimepart_5e24dbd2f089b_1e2c2b28e8921da058ed";
 charset=UTF-8
Content-Transfer-Encoding: 7bit


----==_mimepart_5e24dbd2f089b_1e2c2b28e8921da058ed
Content-Type: text/plain;
 charset=UTF-8
Content-Transfer-Encoding: 7bit


----==_mimepart_5e24dbd2f089b_1e2c2b28e8921da058ed
Content-Type: text/html;
 charset=UTF-8
Content-Transfer-Encoding: quoted-printable

<!DOCTYPE html>=0D
<html>=0D
  <head>=0D
    <meta http-equiv=3D"Content-Type" content=3D"text/html; charset=3Dutf=
-8" />=0D
    <style>=0D
      /* Email styles need to be inline */=0D
    </style>=0D
  </head>=0D
=0D
  <body>=0D
    =0D
    <h1>Voc=C3=AA tem uma nova demanda!</h1>=0D
    <p><b>Victor</b> fez um pedido de <b>3</b> Minions!</p>=0D
  </body>=0D
</html>=0D

----==_mimepart_5e24dbd2f089b_1e2c2b28e8921da058ed--

No template found for ApplicationController#send_minions, rendering head :no_content
Completed 204 No Content in 3023ms (ActiveRecord: 0.0ms | Allocations: 14050)


